This is XeTeX, Version 3.141592653-2.6-0.999994 (TeX Live 2022) (preloaded format=xelatex 2022.12.8)  16 DEC 2023 21:00
entering extended mode
 \write18 enabled.
 %&-line parsing enabled.
**Plans.tex
(./Plans.tex
LaTeX2e <2021-11-15> patch level 1
L3 programming layer <2022-02-24>
(/usr/local/texlive/2022/texmf-dist/tex/latex/base/book.cls
Document Class: book 2021/10/04 v1.4n Standard LaTeX document class
(/usr/local/texlive/2022/texmf-dist/tex/latex/base/bk10.clo
File: bk10.clo 2021/10/04 v1.4n Standard LaTeX file (size option)
)
\c@part=\count181
\c@chapter=\count182
\c@section=\count183
\c@subsection=\count184
\c@subsubsection=\count185
\c@paragraph=\count186
\c@subparagraph=\count187
\c@figure=\count188
\c@table=\count189
\abovecaptionskip=\skip47
\belowcaptionskip=\skip48
\bibindent=\dimen138
)
(/usr/local/texlive/2022/texmf-dist/tex/latex/blindtext/blindtext.sty
Package: blindtext 2012/01/06 V2.0 blindtext-Package

(/usr/local/texlive/2022/texmf-dist/tex/latex/tools/xspace.sty
Package: xspace 2014/10/28 v1.13 Space after command names (DPC,MH)
)
\c@blindtext=\count190
\c@Blindtext=\count191
\c@blind@countparstart=\count192
\blind@countxx=\count193
\blindtext@numBlindtext=\count194
\blind@countyy=\count195
\c@blindlist=\count196
\c@blindlistlevel=\count197
\c@blindlist@level=\count198
\blind@listitem=\count199
\c@blind@listcount=\count266
\c@blind@levelcount=\count267
\blind@mathformula=\count268
\blind@Mathformula=\count269
\c@blind@randomcount=\count270
\c@blind@randommax=\count271
\c@blind@pangramcount=\count272
\c@blind@pangrammax=\count273
)
(/usr/local/texlive/2022/texmf-dist/tex/latex/hyperref/hyperref.sty
Package: hyperref 2022-02-21 v7.00n Hypertext links for LaTeX

(/usr/local/texlive/2022/texmf-dist/tex/generic/ltxcmds/ltxcmds.sty
Package: ltxcmds 2020-05-10 v1.25 LaTeX kernel commands for general use (HO)
)
(/usr/local/texlive/2022/texmf-dist/tex/generic/iftex/iftex.sty
Package: iftex 2022/02/03 v1.0f TeX engine tests
)
(/usr/local/texlive/2022/texmf-dist/tex/generic/pdftexcmds/pdftexcmds.sty
Package: pdftexcmds 2020-06-27 v0.33 Utility functions of pdfTeX for LuaTeX (HO
)

(/usr/local/texlive/2022/texmf-dist/tex/generic/infwarerr/infwarerr.sty
Package: infwarerr 2019/12/03 v1.5 Providing info/warning/error messages (HO)
)
Package pdftexcmds Info: \pdf@primitive is available.
Package pdftexcmds Info: \pdf@ifprimitive is available.
Package pdftexcmds Info: \pdfdraftmode not found.
)
(/usr/local/texlive/2022/texmf-dist/tex/latex/graphics/keyval.sty
Package: keyval 2014/10/28 v1.15 key=value parser (DPC)
\KV@toks@=\toks16
)
(/usr/local/texlive/2022/texmf-dist/tex/generic/kvsetkeys/kvsetkeys.sty
Package: kvsetkeys 2019/12/15 v1.18 Key value parser (HO)
)
(/usr/local/texlive/2022/texmf-dist/tex/generic/kvdefinekeys/kvdefinekeys.sty
Package: kvdefinekeys 2019-12-19 v1.6 Define keys (HO)
)
(/usr/local/texlive/2022/texmf-dist/tex/generic/pdfescape/pdfescape.sty
Package: pdfescape 2019/12/09 v1.15 Implements pdfTeX's escape features (HO)
)
(/usr/local/texlive/2022/texmf-dist/tex/latex/hycolor/hycolor.sty
Package: hycolor 2020-01-27 v1.10 Color options for hyperref/bookmark (HO)
)
(/usr/local/texlive/2022/texmf-dist/tex/latex/letltxmacro/letltxmacro.sty
Package: letltxmacro 2019/12/03 v1.6 Let assignment for LaTeX macros (HO)
)
(/usr/local/texlive/2022/texmf-dist/tex/latex/auxhook/auxhook.sty
Package: auxhook 2019-12-17 v1.6 Hooks for auxiliary files (HO)
)
(/usr/local/texlive/2022/texmf-dist/tex/latex/kvoptions/kvoptions.sty
Package: kvoptions 2020-10-07 v3.14 Key value format for package options (HO)
)
\@linkdim=\dimen139
\Hy@linkcounter=\count274
\Hy@pagecounter=\count275

(/usr/local/texlive/2022/texmf-dist/tex/latex/hyperref/pd1enc.def
File: pd1enc.def 2022-02-21 v7.00n Hyperref: PDFDocEncoding definition (HO)
)
(/usr/local/texlive/2022/texmf-dist/tex/generic/intcalc/intcalc.sty
Package: intcalc 2019/12/15 v1.3 Expandable calculations with integers (HO)
)
(/usr/local/texlive/2022/texmf-dist/tex/generic/etexcmds/etexcmds.sty
Package: etexcmds 2019/12/15 v1.7 Avoid name clashes with e-TeX commands (HO)
)
\Hy@SavedSpaceFactor=\count276

(/usr/local/texlive/2022/texmf-dist/tex/latex/hyperref/puenc.def
File: puenc.def 2022-02-21 v7.00n Hyperref: PDF Unicode definition (HO)
)
Package hyperref Info: Hyper figures OFF on input line 4137.
Package hyperref Info: Link nesting OFF on input line 4142.
Package hyperref Info: Hyper index ON on input line 4145.
Package hyperref Info: Plain pages OFF on input line 4152.
Package hyperref Info: Backreferencing OFF on input line 4157.
Package hyperref Info: Implicit mode ON; LaTeX internals redefined.
Package hyperref Info: Bookmarks ON on input line 4390.
\c@Hy@tempcnt=\count277

(/usr/local/texlive/2022/texmf-dist/tex/latex/url/url.sty
\Urlmuskip=\muskip16
Package: url 2013/09/16  ver 3.4  Verb mode for urls, etc.
)
LaTeX Info: Redefining \url on input line 4749.
\XeTeXLinkMargin=\dimen140

(/usr/local/texlive/2022/texmf-dist/tex/generic/bitset/bitset.sty
Package: bitset 2019/12/09 v1.3 Handle bit-vector datatype (HO)

(/usr/local/texlive/2022/texmf-dist/tex/generic/bigintcalc/bigintcalc.sty
Package: bigintcalc 2019/12/15 v1.5 Expandable calculations on big integers (HO
)
))
\Fld@menulength=\count278
\Field@Width=\dimen141
\Fld@charsize=\dimen142
Package hyperref Info: Hyper figures OFF on input line 6027.
Package hyperref Info: Link nesting OFF on input line 6032.
Package hyperref Info: Hyper index ON on input line 6035.
Package hyperref Info: backreferencing OFF on input line 6042.
Package hyperref Info: Link coloring OFF on input line 6047.
Package hyperref Info: Link coloring with OCG OFF on input line 6052.
Package hyperref Info: PDF/A mode OFF on input line 6057.
LaTeX Info: Redefining \ref on input line 6097.
LaTeX Info: Redefining \pageref on input line 6101.

(/usr/local/texlive/2022/texmf-dist/tex/latex/base/atbegshi-ltx.sty
Package: atbegshi-ltx 2021/01/10 v1.0c Emulation of the original atbegshi
package with kernel methods
)
\Hy@abspage=\count279
\c@Item=\count280
\c@Hfootnote=\count281
)
Package hyperref Info: Driver (autodetected): hxetex.

(/usr/local/texlive/2022/texmf-dist/tex/latex/hyperref/hxetex.def
File: hxetex.def 2022-02-21 v7.00n Hyperref driver for XeTeX

(/usr/local/texlive/2022/texmf-dist/tex/generic/stringenc/stringenc.sty
Package: stringenc 2019/11/29 v1.12 Convert strings between diff. encodings (HO
)
)
\pdfm@box=\box50
\c@Hy@AnnotLevel=\count282
\HyField@AnnotCount=\count283
\Fld@listcount=\count284
\c@bookmark@seq@number=\count285

(/usr/local/texlive/2022/texmf-dist/tex/latex/rerunfilecheck/rerunfilecheck.sty
Package: rerunfilecheck 2019/12/05 v1.9 Rerun checks for auxiliary files (HO)
(/usr/local/texlive/2022/texmf-dist/tex/latex/base/atveryend-ltx.sty
Package: atveryend-ltx 2020/08/19 v1.0a Emulation of the original atveryend pac
kage
with kernel methods
)
(/usr/local/texlive/2022/texmf-dist/tex/generic/uniquecounter/uniquecounter.sty
Package: uniquecounter 2019/12/15 v1.4 Provide unlimited unique counter (HO)
)
Package uniquecounter Info: New unique counter `rerunfilecheck' on input line 2
86.
)
\Hy@SectionHShift=\skip49
) (/usr/local/texlive/2022/texmf-dist/tex/latex/tools/verbatim.sty
Package: verbatim 2020-07-07 v1.5u LaTeX2e package for verbatim enhancements
\every@verbatim=\toks17
\verbatim@line=\toks18
\verbatim@in@stream=\read2
)
(/usr/local/texlive/2022/texmf-dist/tex/latex/minted/minted.sty
Package: minted 2021/12/24 v2.6 Yet another Pygments shim for LaTeX

(/usr/local/texlive/2022/texmf-dist/tex/latex/fvextra/fvextra.sty
Package: fvextra 2019/02/04 v1.4 fvextra - extensions and patches for fancyvrb

(/usr/local/texlive/2022/texmf-dist/tex/latex/base/ifthen.sty
Package: ifthen 2020/11/24 v1.1c Standard LaTeX ifthen package (DPC)
)
(/usr/local/texlive/2022/texmf-dist/tex/latex/etoolbox/etoolbox.sty
Package: etoolbox 2020/10/05 v2.5k e-TeX tools for LaTeX (JAW)
\etb@tempcnta=\count286
)
(/usr/local/texlive/2022/texmf-dist/tex/latex/fancyvrb/fancyvrb.sty
Package: fancyvrb 2021/12/21 4.1b verbatim text (tvz,hv)
\FV@CodeLineNo=\count287
\FV@InFile=\read3
\FV@TabBox=\box51
\c@FancyVerbLine=\count288
\FV@StepNumber=\count289
\FV@OutFile=\write3
)
(/usr/local/texlive/2022/texmf-dist/tex/latex/upquote/upquote.sty
Package: upquote 2012/04/19 v1.3 upright-quote and grave-accent glyphs in verba
tim

(/usr/local/texlive/2022/texmf-dist/tex/latex/base/textcomp.sty
Package: textcomp 2020/02/02 v2.0n Standard LaTeX package
))
(/usr/local/texlive/2022/texmf-dist/tex/latex/lineno/lineno.sty
Package: lineno 2005/11/02 line numbers on paragraphs v4.41
Invalid UTF-8 byte or sequence at line 296 replaced by U+FFFD.
\linenopenalty=\count290
\output=\toks19
\linenoprevgraf=\count291
\linenumbersep=\dimen143
\linenumberwidth=\dimen144
\c@linenumber=\count292
\c@pagewiselinenumber=\count293
\c@LN@truepage=\count294
\c@internallinenumber=\count295
\c@internallinenumbers=\count296
\quotelinenumbersep=\dimen145
\bframerule=\dimen146
\bframesep=\dimen147
\bframebox=\box52
LaTeX Info: Redefining \\ on input line 3056.
)
\c@FV@TrueTabGroupLevel=\count297
\c@FV@TrueTabCounter=\count298
\FV@TabBox@Group=\box53
\FV@TmpLength=\skip50
\c@FV@HighlightLinesStart=\count299
\c@FV@HighlightLinesStop=\count300
\FV@LoopCount=\count301
\FV@NCharsBox=\box54
\FV@BreakIndent=\dimen148
\FV@BreakIndentNChars=\count302
\FV@BreakSymbolSepLeft=\dimen149
\FV@BreakSymbolSepLeftNChars=\count303
\FV@BreakSymbolSepRight=\dimen150
\FV@BreakSymbolSepRightNChars=\count304
\FV@BreakSymbolIndentLeft=\dimen151
\FV@BreakSymbolIndentLeftNChars=\count305
\FV@BreakSymbolIndentRight=\dimen152
\FV@BreakSymbolIndentRightNChars=\count306
\c@FancyVerbLineBreakLast=\count307
\FV@LineBox=\box55
\FV@LineIndentBox=\box56
\FV@LineWidth=\dimen153
)
(/usr/local/texlive/2022/texmf-dist/tex/latex/tools/calc.sty
Package: calc 2017/05/25 v4.3 Infix arithmetic (KKT,FJ)
\calc@Acount=\count308
\calc@Bcount=\count309
\calc@Adimen=\dimen154
\calc@Bdimen=\dimen155
\calc@Askip=\skip51
\calc@Bskip=\skip52
LaTeX Info: Redefining \setlength on input line 80.
LaTeX Info: Redefining \addtolength on input line 81.
\calc@Ccount=\count310
\calc@Cskip=\skip53
)
(/usr/local/texlive/2022/texmf-dist/tex/latex/tools/shellesc.sty
Package: shellesc 2019/11/08 v1.0c unified shell escape interface for LaTeX
Package shellesc Info: Unrestricted shell escape enabled on input line 75.
)
(/usr/local/texlive/2022/texmf-dist/tex/latex/ifplatform/ifplatform.sty
Package: ifplatform 2017/10/13 v0.4a Testing for the operating system

(/usr/local/texlive/2022/texmf-dist/tex/generic/catchfile/catchfile.sty
Package: catchfile 2019/12/09 v1.8 Catch the contents of a file (HO)
)
(/usr/local/texlive/2022/texmf-dist/tex/generic/iftex/ifluatex.sty
Package: ifluatex 2019/10/25 v1.5 ifluatex legacy package. Use iftex instead.
)
runsystem(uname -s > "Plans.w18")...executed.


(./Plans.w18)
runsystem(rm -- "Plans.w18")...executed.

)
(/usr/local/texlive/2022/texmf-dist/tex/generic/xstring/xstring.sty
(/usr/local/texlive/2022/texmf-dist/tex/generic/xstring/xstring.tex
\integerpart=\count311
\decimalpart=\count312
)
Package: xstring 2021/07/21 v1.84 String manipulations (CT)
)
(/usr/local/texlive/2022/texmf-dist/tex/latex/framed/framed.sty
Package: framed 2011/10/22 v 0.96: framed or shaded text with page breaks
\OuterFrameSep=\skip54
\fb@frw=\dimen156
\fb@frh=\dimen157
\FrameRule=\dimen158
\FrameSep=\dimen159
)
(/usr/local/texlive/2022/texmf-dist/tex/latex/float/float.sty
Package: float 2001/11/08 v1.3d Float enhancements (AL)
\c@float@type=\count313
\float@exts=\toks20
\float@box=\box57
\@float@everytoks=\toks21
\@floatcapt=\box58
)
\minted@appexistsfile=\read4
\minted@bgbox=\box59
\minted@code=\write4
\c@minted@FancyVerbLineTemp=\count314
\c@minted@pygmentizecounter=\count315
\@float@every@listing=\toks22
\c@listing=\count316
)
runsystem(mkdir -p _minted-Plans)...executed.


(/usr/local/texlive/2022/texmf-dist/tex/latex/graphics/graphicx.sty
Package: graphicx 2021/09/16 v1.2d Enhanced LaTeX Graphics (DPC,SPQR)

(/usr/local/texlive/2022/texmf-dist/tex/latex/graphics/graphics.sty
Package: graphics 2021/03/04 v1.4d Standard LaTeX Graphics (DPC,SPQR)

(/usr/local/texlive/2022/texmf-dist/tex/latex/graphics/trig.sty
Package: trig 2021/08/11 v1.11 sin cos tan (DPC)
)
(/usr/local/texlive/2022/texmf-dist/tex/latex/graphics-cfg/graphics.cfg
File: graphics.cfg 2016/06/04 v1.11 sample graphics configuration
)
Package graphics Info: Driver file: xetex.def on input line 107.

(/usr/local/texlive/2022/texmf-dist/tex/latex/graphics-def/xetex.def
File: xetex.def 2021/03/18 v5.0k Graphics/color driver for xetex
))
\Gin@req@height=\dimen160
\Gin@req@width=\dimen161
)
(/usr/local/texlive/2022/texmf-dist/tex/latex/amsfonts/amssymb.sty
Package: amssymb 2013/01/14 v3.01 AMS font symbols

(/usr/local/texlive/2022/texmf-dist/tex/latex/amsfonts/amsfonts.sty
Package: amsfonts 2013/01/14 v3.01 Basic AMSFonts support
\@emptytoks=\toks23
\symAMSa=\mathgroup4
\symAMSb=\mathgroup5
LaTeX Font Info:    Redeclaring math symbol \hbar on input line 98.
LaTeX Font Info:    Overwriting math alphabet `\mathfrak' in version `bold'
(Font)                  U/euf/m/n --> U/euf/b/n on input line 106.
))
(/usr/local/texlive/2022/texmf-dist/tex/latex/tools/enumerate.sty
Package: enumerate 2015/07/23 v3.00 enumerate extensions (DPC)
\@enLab=\toks24
)
(/usr/local/texlive/2022/texmf-dist/tex/latex/tcolorbox/tcolorbox.sty
Package: tcolorbox 2022/01/07 version 5.0.2 text color boxes

(/usr/local/texlive/2022/texmf-dist/tex/latex/pgf/basiclayer/pgf.sty
(/usr/local/texlive/2022/texmf-dist/tex/latex/pgf/utilities/pgfrcs.sty
(/usr/local/texlive/2022/texmf-dist/tex/generic/pgf/utilities/pgfutil-common.te
x
\pgfutil@everybye=\toks25
\pgfutil@tempdima=\dimen162
\pgfutil@tempdimb=\dimen163

(/usr/local/texlive/2022/texmf-dist/tex/generic/pgf/utilities/pgfutil-common-li
sts.tex))
(/usr/local/texlive/2022/texmf-dist/tex/generic/pgf/utilities/pgfutil-latex.def
\pgfutil@abb=\box60
) (/usr/local/texlive/2022/texmf-dist/tex/generic/pgf/utilities/pgfrcs.code.tex
(/usr/local/texlive/2022/texmf-dist/tex/generic/pgf/pgf.revision.tex)
Package: pgfrcs 2021/05/15 v3.1.9a (3.1.9a)
))
Package: pgf 2021/05/15 v3.1.9a (3.1.9a)

(/usr/local/texlive/2022/texmf-dist/tex/latex/pgf/basiclayer/pgfcore.sty
(/usr/local/texlive/2022/texmf-dist/tex/latex/pgf/systemlayer/pgfsys.sty
(/usr/local/texlive/2022/texmf-dist/tex/generic/pgf/systemlayer/pgfsys.code.tex
Package: pgfsys 2021/05/15 v3.1.9a (3.1.9a)
(/usr/local/texlive/2022/texmf-dist/tex/generic/pgf/utilities/pgfkeys.code.tex
\pgfkeys@pathtoks=\toks26
\pgfkeys@temptoks=\toks27

(/usr/local/texlive/2022/texmf-dist/tex/generic/pgf/utilities/pgfkeysfiltered.c
ode.tex
\pgfkeys@tmptoks=\toks28
))
\pgf@x=\dimen164
\pgf@y=\dimen165
\pgf@xa=\dimen166
\pgf@ya=\dimen167
\pgf@xb=\dimen168
\pgf@yb=\dimen169
\pgf@xc=\dimen170
\pgf@yc=\dimen171
\pgf@xd=\dimen172
\pgf@yd=\dimen173
\w@pgf@writea=\write5
\r@pgf@reada=\read5
\c@pgf@counta=\count317
\c@pgf@countb=\count318
\c@pgf@countc=\count319
\c@pgf@countd=\count320
\t@pgf@toka=\toks29
\t@pgf@tokb=\toks30
\t@pgf@tokc=\toks31
\pgf@sys@id@count=\count321

(/usr/local/texlive/2022/texmf-dist/tex/generic/pgf/systemlayer/pgf.cfg
File: pgf.cfg 2021/05/15 v3.1.9a (3.1.9a)
)
Driver file for pgf: pgfsys-xetex.def

(/usr/local/texlive/2022/texmf-dist/tex/generic/pgf/systemlayer/pgfsys-xetex.de
f
File: pgfsys-xetex.def 2021/05/15 v3.1.9a (3.1.9a)

(/usr/local/texlive/2022/texmf-dist/tex/generic/pgf/systemlayer/pgfsys-dvipdfmx
.def
File: pgfsys-dvipdfmx.def 2021/05/15 v3.1.9a (3.1.9a)

(/usr/local/texlive/2022/texmf-dist/tex/generic/pgf/systemlayer/pgfsys-common-p
df.def
File: pgfsys-common-pdf.def 2021/05/15 v3.1.9a (3.1.9a)
)
\pgfsys@objnum=\count322
)))
(/usr/local/texlive/2022/texmf-dist/tex/generic/pgf/systemlayer/pgfsyssoftpath.
code.tex
File: pgfsyssoftpath.code.tex 2021/05/15 v3.1.9a (3.1.9a)
\pgfsyssoftpath@smallbuffer@items=\count323
\pgfsyssoftpath@bigbuffer@items=\count324
)
(/usr/local/texlive/2022/texmf-dist/tex/generic/pgf/systemlayer/pgfsysprotocol.
code.tex
File: pgfsysprotocol.code.tex 2021/05/15 v3.1.9a (3.1.9a)
)) (/usr/local/texlive/2022/texmf-dist/tex/latex/xcolor/xcolor.sty
Package: xcolor 2021/10/31 v2.13 LaTeX color extensions (UK)

(/usr/local/texlive/2022/texmf-dist/tex/latex/graphics-cfg/color.cfg
File: color.cfg 2016/01/02 v1.6 sample color configuration
)
Package xcolor Info: Driver file: xetex.def on input line 227.
Package xcolor Info: Model `cmy' substituted by `cmy0' on input line 1352.
Package xcolor Info: Model `RGB' extended on input line 1368.
Package xcolor Info: Model `HTML' substituted by `rgb' on input line 1370.
Package xcolor Info: Model `Hsb' substituted by `hsb' on input line 1371.
Package xcolor Info: Model `tHsb' substituted by `hsb' on input line 1372.
Package xcolor Info: Model `HSB' substituted by `hsb' on input line 1373.
Package xcolor Info: Model `Gray' substituted by `gray' on input line 1374.
Package xcolor Info: Model `wave' substituted by `hsb' on input line 1375.
)
(/usr/local/texlive/2022/texmf-dist/tex/generic/pgf/basiclayer/pgfcore.code.tex
Package: pgfcore 2021/05/15 v3.1.9a (3.1.9a)
(/usr/local/texlive/2022/texmf-dist/tex/generic/pgf/math/pgfmath.code.tex
(/usr/local/texlive/2022/texmf-dist/tex/generic/pgf/math/pgfmathcalc.code.tex
(/usr/local/texlive/2022/texmf-dist/tex/generic/pgf/math/pgfmathutil.code.tex)
(/usr/local/texlive/2022/texmf-dist/tex/generic/pgf/math/pgfmathparser.code.tex
\pgfmath@dimen=\dimen174
\pgfmath@count=\count325
\pgfmath@box=\box61
\pgfmath@toks=\toks32
\pgfmath@stack@operand=\toks33
\pgfmath@stack@operation=\toks34
)
(/usr/local/texlive/2022/texmf-dist/tex/generic/pgf/math/pgfmathfunctions.code.
tex
(/usr/local/texlive/2022/texmf-dist/tex/generic/pgf/math/pgfmathfunctions.basic
.code.tex)
(/usr/local/texlive/2022/texmf-dist/tex/generic/pgf/math/pgfmathfunctions.trigo
nometric.code.tex)
(/usr/local/texlive/2022/texmf-dist/tex/generic/pgf/math/pgfmathfunctions.rando
m.code.tex)
(/usr/local/texlive/2022/texmf-dist/tex/generic/pgf/math/pgfmathfunctions.compa
rison.code.tex)
(/usr/local/texlive/2022/texmf-dist/tex/generic/pgf/math/pgfmathfunctions.base.
code.tex)
(/usr/local/texlive/2022/texmf-dist/tex/generic/pgf/math/pgfmathfunctions.round
.code.tex)
(/usr/local/texlive/2022/texmf-dist/tex/generic/pgf/math/pgfmathfunctions.misc.
code.tex)
(/usr/local/texlive/2022/texmf-dist/tex/generic/pgf/math/pgfmathfunctions.integ
erarithmetics.code.tex)))
(/usr/local/texlive/2022/texmf-dist/tex/generic/pgf/math/pgfmathfloat.code.tex
\c@pgfmathroundto@lastzeros=\count326
)) (/usr/local/texlive/2022/texmf-dist/tex/generic/pgf/math/pgfint.code.tex)
(/usr/local/texlive/2022/texmf-dist/tex/generic/pgf/basiclayer/pgfcorepoints.co
de.tex
File: pgfcorepoints.code.tex 2021/05/15 v3.1.9a (3.1.9a)
\pgf@picminx=\dimen175
\pgf@picmaxx=\dimen176
\pgf@picminy=\dimen177
\pgf@picmaxy=\dimen178
\pgf@pathminx=\dimen179
\pgf@pathmaxx=\dimen180
\pgf@pathminy=\dimen181
\pgf@pathmaxy=\dimen182
\pgf@xx=\dimen183
\pgf@xy=\dimen184
\pgf@yx=\dimen185
\pgf@yy=\dimen186
\pgf@zx=\dimen187
\pgf@zy=\dimen188
)
(/usr/local/texlive/2022/texmf-dist/tex/generic/pgf/basiclayer/pgfcorepathconst
ruct.code.tex
File: pgfcorepathconstruct.code.tex 2021/05/15 v3.1.9a (3.1.9a)
\pgf@path@lastx=\dimen189
\pgf@path@lasty=\dimen190
)
(/usr/local/texlive/2022/texmf-dist/tex/generic/pgf/basiclayer/pgfcorepathusage
.code.tex
File: pgfcorepathusage.code.tex 2021/05/15 v3.1.9a (3.1.9a)
\pgf@shorten@end@additional=\dimen191
\pgf@shorten@start@additional=\dimen192
)
(/usr/local/texlive/2022/texmf-dist/tex/generic/pgf/basiclayer/pgfcorescopes.co
de.tex
File: pgfcorescopes.code.tex 2021/05/15 v3.1.9a (3.1.9a)
\pgfpic=\box62
\pgf@hbox=\box63
\pgf@layerbox@main=\box64
\pgf@picture@serial@count=\count327
)
(/usr/local/texlive/2022/texmf-dist/tex/generic/pgf/basiclayer/pgfcoregraphicst
ate.code.tex
File: pgfcoregraphicstate.code.tex 2021/05/15 v3.1.9a (3.1.9a)
\pgflinewidth=\dimen193
)
(/usr/local/texlive/2022/texmf-dist/tex/generic/pgf/basiclayer/pgfcoretransform
ations.code.tex
File: pgfcoretransformations.code.tex 2021/05/15 v3.1.9a (3.1.9a)
\pgf@pt@x=\dimen194
\pgf@pt@y=\dimen195
\pgf@pt@temp=\dimen196
)
(/usr/local/texlive/2022/texmf-dist/tex/generic/pgf/basiclayer/pgfcorequick.cod
e.tex
File: pgfcorequick.code.tex 2021/05/15 v3.1.9a (3.1.9a)
)
(/usr/local/texlive/2022/texmf-dist/tex/generic/pgf/basiclayer/pgfcoreobjects.c
ode.tex
File: pgfcoreobjects.code.tex 2021/05/15 v3.1.9a (3.1.9a)
)
(/usr/local/texlive/2022/texmf-dist/tex/generic/pgf/basiclayer/pgfcorepathproce
ssing.code.tex
File: pgfcorepathprocessing.code.tex 2021/05/15 v3.1.9a (3.1.9a)
)
(/usr/local/texlive/2022/texmf-dist/tex/generic/pgf/basiclayer/pgfcorearrows.co
de.tex
File: pgfcorearrows.code.tex 2021/05/15 v3.1.9a (3.1.9a)
\pgfarrowsep=\dimen197
)
(/usr/local/texlive/2022/texmf-dist/tex/generic/pgf/basiclayer/pgfcoreshade.cod
e.tex
File: pgfcoreshade.code.tex 2021/05/15 v3.1.9a (3.1.9a)
\pgf@max=\dimen198
\pgf@sys@shading@range@num=\count328
\pgf@shadingcount=\count329
)
(/usr/local/texlive/2022/texmf-dist/tex/generic/pgf/basiclayer/pgfcoreimage.cod
e.tex
File: pgfcoreimage.code.tex 2021/05/15 v3.1.9a (3.1.9a)

(/usr/local/texlive/2022/texmf-dist/tex/generic/pgf/basiclayer/pgfcoreexternal.
code.tex
File: pgfcoreexternal.code.tex 2021/05/15 v3.1.9a (3.1.9a)
\pgfexternal@startupbox=\box65
))
(/usr/local/texlive/2022/texmf-dist/tex/generic/pgf/basiclayer/pgfcorelayers.co
de.tex
File: pgfcorelayers.code.tex 2021/05/15 v3.1.9a (3.1.9a)
)
(/usr/local/texlive/2022/texmf-dist/tex/generic/pgf/basiclayer/pgfcoretranspare
ncy.code.tex
File: pgfcoretransparency.code.tex 2021/05/15 v3.1.9a (3.1.9a)
)
(/usr/local/texlive/2022/texmf-dist/tex/generic/pgf/basiclayer/pgfcorepatterns.
code.tex
File: pgfcorepatterns.code.tex 2021/05/15 v3.1.9a (3.1.9a)
)
(/usr/local/texlive/2022/texmf-dist/tex/generic/pgf/basiclayer/pgfcorerdf.code.
tex
File: pgfcorerdf.code.tex 2021/05/15 v3.1.9a (3.1.9a)
)))
(/usr/local/texlive/2022/texmf-dist/tex/generic/pgf/modules/pgfmoduleshapes.cod
e.tex
File: pgfmoduleshapes.code.tex 2021/05/15 v3.1.9a (3.1.9a)
\pgfnodeparttextbox=\box66
)
(/usr/local/texlive/2022/texmf-dist/tex/generic/pgf/modules/pgfmoduleplot.code.
tex
File: pgfmoduleplot.code.tex 2021/05/15 v3.1.9a (3.1.9a)
)
(/usr/local/texlive/2022/texmf-dist/tex/latex/pgf/compatibility/pgfcomp-version
-0-65.sty
Package: pgfcomp-version-0-65 2021/05/15 v3.1.9a (3.1.9a)
\pgf@nodesepstart=\dimen199
\pgf@nodesepend=\dimen256
)
(/usr/local/texlive/2022/texmf-dist/tex/latex/pgf/compatibility/pgfcomp-version
-1-18.sty
Package: pgfcomp-version-1-18 2021/05/15 v3.1.9a (3.1.9a)
)) (/usr/local/texlive/2022/texmf-dist/tex/latex/environ/environ.sty
Package: environ 2014/05/04 v0.3 A new way to define environments

(/usr/local/texlive/2022/texmf-dist/tex/latex/trimspaces/trimspaces.sty
Package: trimspaces 2009/09/17 v1.1 Trim spaces around a token list
)
\@envbody=\toks35
)
\tcb@titlebox=\box67
\tcb@upperbox=\box68
\tcb@lowerbox=\box69
\tcb@phantombox=\box70
\c@tcbbreakpart=\count330
\c@tcblayer=\count331
\c@tcolorbox@number=\count332
\tcb@temp=\box71
\tcb@temp=\box72
\tcb@temp=\box73
\tcb@temp=\box74
)
(/usr/local/texlive/2022/texmf-dist/tex/latex/newunicodechar/newunicodechar.sty
Package: newunicodechar 2018/04/08 v1.2 Defining Unicode characters
) (/usr/local/texlive/2022/texmf-dist/tex/latex/textgreek/textgreek.sty
Package: textgreek 2011/10/09 v0.7 Greek symbols in text
Package textgreek Info: Loading the definitions for the Greek fontencoding. on 
input line 39.

(/usr/local/texlive/2022/texmf-dist/tex/latex/greek-fontenc/lgrenc.def
File: lgrenc.def 2020/10/13 2.0 LGR Greek font encoding definitions

(/usr/local/texlive/2022/texmf-dist/tex/latex/greek-fontenc/greek-fontenc.def
File: greek-fontenc.def 2020/10/30 2.0 Common Greek font encoding definitions
))
Package textgreek Info: Loaded fontmap: {eur/*/*}{U/eur/*/*} {phv/*/*}{U/psy/*/
*}. on input line 69.
) (/usr/local/texlive/2022/texmf-dist/tex/latex/wasysym/wasysym.sty
Package: wasysym 2020/01/19 v2.4 Wasy-2 symbol support package
\symwasy=\mathgroup6
LaTeX Font Info:    Overwriting symbol font `wasy' in version `bold'
(Font)                  U/wasy/m/n --> U/wasy/b/n on input line 93.
)
(/usr/local/texlive/2022/texmf-dist/tex/latex/tipa/tipa.sty
Package: tipa 2002/08/08 TIPA version 1.1

(/usr/local/texlive/2022/texmf-dist/tex/latex/base/fontenc.sty
Package: fontenc 2021/04/29 v2.0v Standard LaTeX package

(/usr/local/texlive/2022/texmf-dist/tex/latex/tipa/t3enc.def
File: t3enc.def 2001/12/31 T3 encoding
)))
(/usr/local/texlive/2022/texmf-dist/tex/latex/eso-pic/eso-pic.sty
Package: eso-pic 2020/10/14 v3.0a eso-pic (RN)
\ESO@tempdima=\dimen257
\ESO@tempdimb=\dimen258
)
(/usr/local/texlive/2022/texmf-dist/tex/latex/lipsum/lipsum.sty
(/usr/local/texlive/2022/texmf-dist/tex/latex/l3packages/l3keys2e/l3keys2e.sty
(/usr/local/texlive/2022/texmf-dist/tex/latex/l3kernel/expl3.sty
Package: expl3 2022-02-24 L3 programming layer (loader) 

(/usr/local/texlive/2022/texmf-dist/tex/latex/l3backend/l3backend-xetex.def
File: l3backend-xetex.def 2022-02-07 L3 backend support: XeTeX

(|extractbb --version)
\c__kernel_sys_dvipdfmx_version_int=\count333
\l__color_backend_stack_int=\count334
\g__color_backend_stack_int=\count335
\g__graphics_track_int=\count336
\l__pdf_internal_box=\box75
\g__pdf_backend_object_int=\count337
\g__pdf_backend_annotation_int=\count338
\g__pdf_backend_link_int=\count339
))
Package: l3keys2e 2022-01-12 LaTeX2e option processing using LaTeX3 keys
)
Package: lipsum 2021-09-20 v2.7 150 paragraphs of Lorem Ipsum dummy text
\g__lipsum_par_int=\count340
\l__lipsum_a_int=\count341
\l__lipsum_b_int=\count342

(/usr/local/texlive/2022/texmf-dist/tex/latex/lipsum/lipsum.ltd.tex))
(/usr/local/texlive/2022/texmf-dist/tex/latex/bbold/bbold.sty
Package: bbold 1994/04/06 Bbold symbol package
LaTeX Font Info:    Redeclaring math alphabet \mathbb on input line 42.
)
(/usr/local/texlive/2022/texmf-dist/tex/latex/doublestroke/dsfont.sty
Package: dsfont 1995/08/01 v0.1 Double stroke roman fonts
)
(/usr/local/texlive/2022/texmf-dist/tex/latex/geometry/geometry.sty
Package: geometry 2020/01/02 v5.9 Page Geometry

(/usr/local/texlive/2022/texmf-dist/tex/generic/iftex/ifvtex.sty
Package: ifvtex 2019/10/25 v1.7 ifvtex legacy package. Use iftex instead.
)
\Gm@cnth=\count343
\Gm@cntv=\count344
\c@Gm@tempcnt=\count345
\Gm@bindingoffset=\dimen259
\Gm@wd@mp=\dimen260
\Gm@odd@mp=\dimen261
\Gm@even@mp=\dimen262
\Gm@layoutwidth=\dimen263
\Gm@layoutheight=\dimen264
\Gm@layouthoffset=\dimen265
\Gm@layoutvoffset=\dimen266
\Gm@dimlist=\toks36
)
(/usr/local/texlive/2022/texmf-dist/tex/latex/tools/longtable.sty
Package: longtable 2021-09-01 v4.17 Multi-page Table package (DPC)
\LTleft=\skip55
\LTright=\skip56
\LTpre=\skip57
\LTpost=\skip58
\LTchunksize=\count346
\LTcapwidth=\dimen267
\LT@head=\box76
\LT@firsthead=\box77
\LT@foot=\box78
\LT@lastfoot=\box79
\LT@gbox=\box80
\LT@cols=\count347
\LT@rows=\count348
\c@LT@tables=\count349
\c@LT@chunks=\count350
\LT@p@ftn=\toks37
)
(/usr/local/texlive/2022/texmf-dist/tex/latex/lm/lmodern.sty
Package: lmodern 2015/05/01 v1.6.1 Latin Modern Fonts
LaTeX Font Info:    Overwriting symbol font `operators' in version `normal'
(Font)                  OT1/cmr/m/n --> OT1/lmr/m/n on input line 22.
LaTeX Font Info:    Overwriting symbol font `letters' in version `normal'
(Font)                  OML/cmm/m/it --> OML/lmm/m/it on input line 23.
LaTeX Font Info:    Overwriting symbol font `symbols' in version `normal'
(Font)                  OMS/cmsy/m/n --> OMS/lmsy/m/n on input line 24.
LaTeX Font Info:    Overwriting symbol font `largesymbols' in version `normal'
(Font)                  OMX/cmex/m/n --> OMX/lmex/m/n on input line 25.
LaTeX Font Info:    Overwriting symbol font `operators' in version `bold'
(Font)                  OT1/cmr/bx/n --> OT1/lmr/bx/n on input line 26.
LaTeX Font Info:    Overwriting symbol font `letters' in version `bold'
(Font)                  OML/cmm/b/it --> OML/lmm/b/it on input line 27.
LaTeX Font Info:    Overwriting symbol font `symbols' in version `bold'
(Font)                  OMS/cmsy/b/n --> OMS/lmsy/b/n on input line 28.
LaTeX Font Info:    Overwriting symbol font `largesymbols' in version `bold'
(Font)                  OMX/cmex/m/n --> OMX/lmex/m/n on input line 29.
LaTeX Font Info:    Overwriting math alphabet `\mathbf' in version `normal'
(Font)                  OT1/cmr/bx/n --> OT1/lmr/bx/n on input line 31.
LaTeX Font Info:    Overwriting math alphabet `\mathsf' in version `normal'
(Font)                  OT1/cmss/m/n --> OT1/lmss/m/n on input line 32.
LaTeX Font Info:    Overwriting math alphabet `\mathit' in version `normal'
(Font)                  OT1/cmr/m/it --> OT1/lmr/m/it on input line 33.
LaTeX Font Info:    Overwriting math alphabet `\mathtt' in version `normal'
(Font)                  OT1/cmtt/m/n --> OT1/lmtt/m/n on input line 34.
LaTeX Font Info:    Overwriting math alphabet `\mathbf' in version `bold'
(Font)                  OT1/cmr/bx/n --> OT1/lmr/bx/n on input line 35.
LaTeX Font Info:    Overwriting math alphabet `\mathsf' in version `bold'
(Font)                  OT1/cmss/bx/n --> OT1/lmss/bx/n on input line 36.
LaTeX Font Info:    Overwriting math alphabet `\mathit' in version `bold'
(Font)                  OT1/cmr/bx/it --> OT1/lmr/bx/it on input line 37.
LaTeX Font Info:    Overwriting math alphabet `\mathtt' in version `bold'
(Font)                  OT1/cmtt/m/n --> OT1/lmtt/m/n on input line 38.
)
(/usr/local/texlive/2022/texmf-dist/tex/latex/fontspec/fontspec.sty
(/usr/local/texlive/2022/texmf-dist/tex/latex/l3packages/xparse/xparse.sty
Package: xparse 2022-01-12 L3 Experimental document command parser
)
Package: fontspec 2022/01/15 v2.8a Font selection for XeLaTeX and LuaLaTeX

(/usr/local/texlive/2022/texmf-dist/tex/latex/fontspec/fontspec-xetex.sty
Package: fontspec-xetex 2022/01/15 v2.8a Font selection for XeLaTeX and LuaLaTe
X
\l__fontspec_script_int=\count351
\l__fontspec_language_int=\count352
\l__fontspec_strnum_int=\count353
\l__fontspec_tmp_int=\count354
\l__fontspec_tmpa_int=\count355
\l__fontspec_tmpb_int=\count356
\l__fontspec_tmpc_int=\count357
\l__fontspec_em_int=\count358
\l__fontspec_emdef_int=\count359
\l__fontspec_strong_int=\count360
\l__fontspec_strongdef_int=\count361
\l__fontspec_tmpa_dim=\dimen268
\l__fontspec_tmpb_dim=\dimen269
\l__fontspec_tmpc_dim=\dimen270

(/usr/local/texlive/2022/texmf-dist/tex/latex/base/fontenc.sty
Package: fontenc 2021/04/29 v2.0v Standard LaTeX package
)
(/usr/local/texlive/2022/texmf-dist/tex/latex/fontspec/fontspec.cfg)))
\c@definitioncounter=\count362
\c@theoremcounter=\count363
\c@printcounter=\count364
\c@examplecounter=\count365
\c@ccounter=\count366
\c@pcounter=\count367
\c@lcounter=\count368
\c@sectioncount=\count369
\c@subsectioncount=\count370
runsystem(which pygmentize && touch Plans.aex)...executed.

runsystem(rm Plans.aex)...executed.


(./Plans.aux)
\openout1 = `Plans.aux'.

LaTeX Font Info:    Checking defaults for OML/cmm/m/it on input line 314.
LaTeX Font Info:    ... okay on input line 314.
LaTeX Font Info:    Checking defaults for OMS/cmsy/m/n on input line 314.
LaTeX Font Info:    ... okay on input line 314.
LaTeX Font Info:    Checking defaults for OT1/cmr/m/n on input line 314.
LaTeX Font Info:    ... okay on input line 314.
LaTeX Font Info:    Checking defaults for T1/cmr/m/n on input line 314.
LaTeX Font Info:    ... okay on input line 314.
LaTeX Font Info:    Checking defaults for TS1/cmr/m/n on input line 314.
LaTeX Font Info:    Trying to load font information for TS1+cmr on input line 3
14.
 (/usr/local/texlive/2022/texmf-dist/tex/latex/base/ts1cmr.fd
File: ts1cmr.fd 2019/12/16 v2.5j Standard LaTeX font definitions
)
LaTeX Font Info:    ... okay on input line 314.
LaTeX Font Info:    Checking defaults for TU/lmr/m/n on input line 314.
LaTeX Font Info:    ... okay on input line 314.
LaTeX Font Info:    Checking defaults for OMX/cmex/m/n on input line 314.
LaTeX Font Info:    ... okay on input line 314.
LaTeX Font Info:    Checking defaults for U/cmr/m/n on input line 314.
LaTeX Font Info:    ... okay on input line 314.
LaTeX Font Info:    Checking defaults for PD1/pdf/m/n on input line 314.
LaTeX Font Info:    ... okay on input line 314.
LaTeX Font Info:    Checking defaults for PU/pdf/m/n on input line 314.
LaTeX Font Info:    ... okay on input line 314.
LaTeX Font Info:    Checking defaults for LGR/cmr/m/n on input line 314.
LaTeX Font Info:    Trying to load font information for LGR+cmr on input line 3
14.

(/usr/local/texlive/2022/texmf-dist/tex/latex/cbfonts-fd/lgrcmr.fd
File: lgrcmr.fd 2017/07/29 v1.2 Greek European Computer Regular
)
LaTeX Font Info:    ... okay on input line 314.
LaTeX Font Info:    Checking defaults for T3/cmr/m/n on input line 314.
LaTeX Font Info:    Trying to load font information for T3+cmr on input line 31
4.

(/usr/local/texlive/2022/texmf-dist/tex/latex/tipa/t3cmr.fd
File: t3cmr.fd 2001/12/31 TIPA font definitions
)
LaTeX Font Info:    ... okay on input line 314.
Package hyperref Info: Link coloring OFF on input line 314.

(/usr/local/texlive/2022/texmf-dist/tex/latex/hyperref/nameref.sty
Package: nameref 2021-04-02 v2.47 Cross-referencing by name of section

(/usr/local/texlive/2022/texmf-dist/tex/latex/refcount/refcount.sty
Package: refcount 2019/12/15 v3.6 Data extraction from label references (HO)
)
(/usr/local/texlive/2022/texmf-dist/tex/generic/gettitlestring/gettitlestring.s
ty
Package: gettitlestring 2019/12/15 v1.6 Cleanup title references (HO)
)
\c@section@level=\count371
)
LaTeX Info: Redefining \ref on input line 314.
LaTeX Info: Redefining \pageref on input line 314.
LaTeX Info: Redefining \nameref on input line 314.
 (./Plans.out) (./Plans.out)
\@outlinefile=\write6
\openout6 = `Plans.out'.


*geometry* driver: auto-detecting
*geometry* detected driver: xetex
*geometry* verbose mode - [ preamble ] result:
* driver: xetex
* paper: <default>
* layout: <same size as paper>
* layoutoffset:(h,v)=(0.0pt,0.0pt)
* modes: twoside 
* h-part:(L,W,R)=(93.95122pt, 426.39256pt, 93.95122pt)
* v-part:(T,H,B)=(93.95122pt, 607.06755pt, 93.95122pt)
* \paperwidth=614.295pt
* \paperheight=794.96999pt
* \textwidth=426.39256pt
* \textheight=607.06755pt
* \oddsidemargin=21.68123pt
* \evensidemargin=21.68123pt
* \topmargin=-8.38626pt
* \headheight=12.0pt
* \headsep=18.06749pt
* \topskip=10.0pt
* \footskip=25.29494pt
* \marginparwidth=125.0pt
* \marginparsep=7.0pt
* \columnsep=10.0pt
* \skip\footins=9.0pt plus 4.0pt minus 2.0pt
* \hoffset=0.0pt
* \voffset=0.0pt
* \mag=1000
* \@twocolumnfalse
* \@twosidetrue
* \@mparswitchtrue
* \@reversemarginfalse
* (1in=72.27pt=25.4mm, 1cm=28.453pt)

LaTeX Font Info:    Trying to load font information for OT1+lmr on input line 3
17.
(/usr/local/texlive/2022/texmf-dist/tex/latex/lm/ot1lmr.fd
File: ot1lmr.fd 2015/05/01 v1.6.1 Font defs for Latin Modern
)
LaTeX Font Info:    Trying to load font information for OML+lmm on input line 3
17.

(/usr/local/texlive/2022/texmf-dist/tex/latex/lm/omllmm.fd
File: omllmm.fd 2015/05/01 v1.6.1 Font defs for Latin Modern
)
LaTeX Font Info:    Trying to load font information for OMS+lmsy on input line 
317.

(/usr/local/texlive/2022/texmf-dist/tex/latex/lm/omslmsy.fd
File: omslmsy.fd 2015/05/01 v1.6.1 Font defs for Latin Modern
)
LaTeX Font Info:    Trying to load font information for OMX+lmex on input line 
317.

(/usr/local/texlive/2022/texmf-dist/tex/latex/lm/omxlmex.fd
File: omxlmex.fd 2015/05/01 v1.6.1 Font defs for Latin Modern
)
LaTeX Font Info:    External font `lmex10' loaded for size
(Font)              <12> on input line 317.
LaTeX Font Info:    External font `lmex10' loaded for size
(Font)              <8> on input line 317.
LaTeX Font Info:    External font `lmex10' loaded for size
(Font)              <6> on input line 317.
LaTeX Font Info:    Trying to load font information for U+msa on input line 317
.

(/usr/local/texlive/2022/texmf-dist/tex/latex/amsfonts/umsa.fd
File: umsa.fd 2013/01/14 v3.01 AMS symbols A
)
LaTeX Font Info:    Trying to load font information for U+msb on input line 317
.

(/usr/local/texlive/2022/texmf-dist/tex/latex/amsfonts/umsb.fd
File: umsb.fd 2013/01/14 v3.01 AMS symbols B
)
LaTeX Font Info:    Trying to load font information for U+wasy on input line 31
7.

(/usr/local/texlive/2022/texmf-dist/tex/latex/wasysym/uwasy.fd
File: uwasy.fd 2020/01/19 v2.4 Wasy-2 symbol font definitions
) [1


]
LaTeX Font Info:    External font `lmex10' loaded for size
(Font)              <10> on input line 324.
LaTeX Font Info:    External font `lmex10' loaded for size
(Font)              <7> on input line 324.
LaTeX Font Info:    External font `lmex10' loaded for size
(Font)              <5> on input line 324.
 [2]
Overfull \hbox (59.06743pt too wide) in paragraph at lines 336--338
[]\TU/lmss/m/n/10 See the goals listed in the pdf file under the $[]$
 []


Overfull \hbox (153.56743pt too wide) in paragraph at lines 341--342
[]\TU/lmss/m/n/10 See the goals listed in the pdf file under the $[]$
 []

[3]
LaTeX Font Info:    Font shape `TU/lmss/m/it' in size <10> not available
(Font)              Font shape `TU/lmss/m/sl' tried instead on input line 352.

Underfull \hbox (badness 10000) in paragraph at lines 352--353

 []


Underfull \hbox (badness 10000) in paragraph at lines 354--355

 []


Underfull \hbox (badness 10000) in paragraph at lines 356--357

 []


Underfull \hbox (badness 10000) in paragraph at lines 358--359

 []


Underfull \hbox (badness 10000) in paragraph at lines 360--361

 []


Underfull \hbox (badness 10000) in paragraph at lines 362--363

 []


Underfull \hbox (badness 10000) in paragraph at lines 364--365

 []

[4] [5]
LaTeX Font Info:    Trying to load font information for U+bbold on input line 4
62.
 (/usr/local/texlive/2022/texmf-dist/tex/latex/bbold/Ubbold.fd)
Overfull \hbox (15.17741pt too wide) in paragraph at lines 469--470
[]\TU/lmss/m/n/10 https://math.stackexchange.com/questions/2015228/how-to-show-
mathbbcp-infty-mathbbcp-
 []

Missing character: There is no ₙ (U+2099) in font [lmsans10-regular]:mapping=te
x-text;!
Missing character: There is no ₙ (U+2099) in font [lmsans10-regular]:mapping=te
x-text;!
Missing character: There is no ℚ (U+211A) in font [lmsans10-regular]:mapping=te
x-text;!
Missing character: There is no ₚ (U+209A) in font [lmsans10-regular]:mapping=te
x-text;!
Missing character: There is no ℚ (U+211A) in font [lmsans10-regular]:mapping=te
x-text;!
Missing character: There is no ₚ (U+209A) in font [lmsans10-regular]:mapping=te
x-text;!
Missing character: There is no ₙ (U+2099) in font [lmsans10-regular]:mapping=te
x-text;!
Missing character: There is no ℚ (U+211A) in font [lmsans10-regular]:mapping=te
x-text;!
Missing character: There is no ₚ (U+209A) in font [lmsans10-regular]:mapping=te
x-text;!
Missing character: There is no ℚ (U+211A) in font [lmsans10-regular]:mapping=te
x-text;!
Missing character: There is no ₚ (U+209A) in font [lmsans10-regular]:mapping=te
x-text;!
Missing character: There is no ₙ (U+2099) in font [lmsans10-regular]:mapping=te
x-text;!
Missing character: There is no ℚ (U+211A) in font [lmsans10-regular]:mapping=te
x-text;!
Missing character: There is no ℚ (U+211A) in font [lmsans10-regular]:mapping=te
x-text;!
Missing character: There is no ₚ (U+209A) in font [lmsans10-regular]:mapping=te
x-text;!
Missing character: There is no ℚ (U+211A) in font [lmsans10-regular]:mapping=te
x-text;!
Missing character: There is no ₚ (U+209A) in font [lmsans10-regular]:mapping=te
x-text;!
Missing character: There is no ₙ (U+2099) in font [lmsans10-regular]:mapping=te
x-text;!
Missing character: There is no ℚ (U+211A) in font [lmsans10-regular]:mapping=te
x-text;!
Missing character: There is no ₚ (U+209A) in font [lmsans10-regular]:mapping=te
x-text;!
Missing character: There is no ₙ (U+2099) in font [lmsans10-regular]:mapping=te
x-text;!
Missing character: There is no ℚ (U+211A) in font [lmsans10-regular]:mapping=te
x-text;!
Missing character: There is no ₚ (U+209A) in font [lmsans10-regular]:mapping=te
x-text;!
Missing character: There is no ℚ (U+211A) in font [lmsans10-regular]:mapping=te
x-text;!
Missing character: There is no ₙ (U+2099) in font [lmsans10-regular]:mapping=te
x-text;!
Missing character: There is no ₙ (U+2099) in font [lmsans10-regular]:mapping=te
x-text;!
Missing character: There is no ₙ (U+2099) in font [lmsans10-regular]:mapping=te
x-text;!
Missing character: There is no ∪ (U+222A) in font [lmsans10-regular]:mapping=te
x-text;!
[6]
Underfull \hbox (badness 10000) in paragraph at lines 504--505

 []

Missing character: There is no ℚ (U+211A) in font [lmsans10-regular]:mapping=te
x-text;!
Missing character: There is no ₚ (U+209A) in font [lmsans10-regular]:mapping=te
x-text;!
Missing character: There is no ₚ (U+209A) in font [lmsans10-regular]:mapping=te
x-text;!
Missing character: There is no ℚ (U+211A) in font [lmsans10-regular]:mapping=te
x-text;!
Missing character: There is no ₚ (U+209A) in font [lmsans10-regular]:mapping=te
x-text;!
Missing character: There is no ℚ (U+211A) in font [lmsans10-regular]:mapping=te
x-text;!
Missing character: There is no ₚ (U+209A) in font [lmsans10-regular]:mapping=te
x-text;!
Missing character: There is no ₚ (U+209A) in font [lmsans10-regular]:mapping=te
x-text;!

Overfull \hbox (216.76747pt too wide) in paragraph at lines 518--519
[]\TU/lmss/m/n/10 Each of these will be defined first as E$\OMS/lmsy/m/n/10 1$\
TU/lmss/m/n/10 -rings using the models in the repository of $[]$.
 []


Overfull \hbox (129.14946pt too wide) in paragraph at lines 518--519
\TU/lmss/m/n/10 We will also use the definition of unramified extensions establ
ished in the fourth repository, $[]$.
 []


Underfull \hbox (badness 10000) in paragraph at lines 518--519

 []

Missing character: There is no 𝕋 (U+1D54B) in font [lmsans10-regular]:mapping=t
ex-text;!
Missing character: There is no 𝔻 (U+1D53B) in font [lmsans10-regular]:mapping=t
ex-text;!
[7]
Underfull \hbox (badness 10000) in paragraph at lines 553--554

 []


Underfull \hbox (badness 10000) in paragraph at lines 606--607

 []

[8]
Missing character: There is no ℚ (U+211A) in font [lmsans10-regular]:mapping=te
x-text;!
Missing character: There is no ⟳ (U+27F3) in font [lmsans10-regular]:mapping=te
x-text;!
Missing character: There is no ⃡ (U+20E1) in font [lmsans10-regular]:mapping=te
x-text;!
Missing character: There is no 𝕋 (U+1D54B) in font [lmsans10-regular]:mapping=t
ex-text;!
Missing character: There is no 𝔻 (U+1D53B) in font [lmsans10-regular]:mapping=t
ex-text;!
[9]
Overfull \hbox (96.98744pt too wide) in paragraph at lines 695--696
[]\TU/lmss/m/n/10 Consider one of the internal objects defined in the first rep
ository of $[]$: 
 []


Underfull \hbox (badness 10000) in paragraph at lines 703--704

 []

[10] (./Plans.aux)
Package rerunfilecheck Info: File `Plans.out' has not changed.
(rerunfilecheck)             Checksum: D41D8CD98F00B204E9800998ECF8427E;0.
 ) 
Here is how much of TeX's memory you used:
 27207 strings out of 476179
 563851 string characters out of 5809544
 994631 words of memory out of 5000000
 47462 multiletter control sequences out of 15000+600000
 495866 words of font info for 79 fonts, out of 8000000 for 9000
 1348 hyphenation exceptions out of 8191
 83i,8n,89p,764b,521s stack positions out of 10000i,1000n,20000p,200000b,200000s

Output written on Plans.pdf (10 pages).
